c:\users\fake\downloads\stock\stock\debug\vc120.pdb
c:\users\fake\downloads\stock\stock\debug\stockform.obj
c:\users\fake\downloads\stock\stock\debug\stock.obj
c:\users\fake\downloads\stock\stock\debug\saleitemform.obj
c:\users\fake\downloads\stock\stock\debug\saleform.obj
c:\users\fake\downloads\stock\stock\debug\mysqlinterface.obj
c:\users\fake\downloads\stock\stock\debug\itemform.obj
c:\users\fake\downloads\stock\stock\debug\expenceform.obj
c:\users\fake\downloads\stock\stock\debug\dictionaries.obj
c:\users\fake\downloads\stock\stock\debug\clientform.obj
c:\users\fake\downloads\stock\stock\debug\branchform.obj
c:\users\fake\downloads\stock\stock\debug\.netframework,version=v4.5.assemblyattributes.obj
c:\users\fake\downloads\stock\stock\debug\main.obj
c:\users\fake\downloads\stock\stock\debug\paymentform.obj
c:\users\fake\downloads\stock\stock\debug\expenseform.obj
c:\users\fake\downloads\stock\debug\stock.exe
c:\users\fake\downloads\stock\debug\stock.pdb
c:\users\fake\downloads\stock\stock\debug\stock.tlog\metagen.write.1.tlog
c:\users\fake\downloads\stock\stock\debug\stock.branchform.resources
c:\users\fake\downloads\stock\stock\debug\stock.clientform.resources
c:\users\fake\downloads\stock\stock\debug\stock.dictionaries.resources
c:\users\fake\downloads\stock\stock\debug\stock.expenceform.resources
c:\users\fake\downloads\stock\stock\debug\stock.itemform.resources
c:\users\fake\downloads\stock\stock\debug\stock.main.resources
c:\users\fake\downloads\stock\stock\debug\stock.saleform.resources
c:\users\fake\downloads\stock\stock\debug\stock.saleitemform.resources
c:\users\fake\downloads\stock\stock\debug\stock.stock.resources
c:\users\fake\downloads\stock\stock\debug\stock.stockform.resources
c:\users\fake\downloads\stock\stock\debug\stock.expenseform.resources
c:\users\fake\downloads\stock\stock\debug\stock.paymentform.resources
c:\users\fake\downloads\stock\stock\debug\stock.vcxproj.generateresource.cache
c:\users\fake\downloads\stock\stock\debug\stock.vcxprojresolveassemblyreference.cache
c:\users\fake\downloads\stock\stock\debug\stock.tlog\cl.command.1.tlog
c:\users\fake\downloads\stock\stock\debug\stock.tlog\cl.read.1.tlog
c:\users\fake\downloads\stock\stock\debug\stock.tlog\cl.write.1.tlog
c:\users\fake\downloads\stock\stock\debug\stock.tlog\link.command.1.tlog
c:\users\fake\downloads\stock\stock\debug\stock.tlog\link.read.1.tlog
c:\users\fake\downloads\stock\stock\debug\stock.tlog\link.write.1.tlog
c:\users\fake\downloads\stock\stock\debug\stock.tlog\metagen.read.1.tlog
c:\users\fake\downloads\stock\stock\debug\stock.tlog\stock.write.1u.tlog
c:\users\fake\downloads\stock\stock\debug\stock.tlog\mysql.data.dll.metagen
c:\users\fake\downloads\stock\stock\debug\stock.tlog\rsaenh.dll.bi
c:\users\fake\downloads\stock\stock\debug\stock.tlog\tzres.dll.bi
